<?xml version="1.0" encoding="UTF-8"?>
<!-- Generated by org.testng.reporters.JUnitReportReporter -->
<testsuite hostname="LAPTOP-V99O9GQN" failures="0" tests="1" name="Academy.Demoproject.FirstTest" time="13.899" errors="0" timestamp="2020-10-01T22:42:36 IST" skipped="0">
  <testcase classname="Academy.Demoproject.FirstTest" name="basepagenavigation" time="13.899"/>
  <system-out/>
</testsuite> <!-- Academy.Demoproject.FirstTest -->
